[2022-10-06 03:43:17] local.ERROR: SQLSTATE[HY000] [2002] Connection refused (SQL: select * from information_schema.tables where table_schema = laravel_momento and table_name = migrations and table_type = 'BASE TABLE') {"exception":"[object] (Illuminate\\Database\\QueryException(code: 2002): SQLSTATE[HY000] [2002] Connection refused (SQL: select * from information_schema.tables where table_schema = laravel_momento and table_name = migrations and table_type = 'BASE TABLE') at /opt/lampp/htdocs/laravel/momento/vendor/laravel/framework/src/Illuminate/Database/Connection.php:712)
[stacktrace]
#0 /opt/lampp/htdocs/laravel/momento/vendor/laravel/framework/src/Illuminate/Database/Connection.php(784): Illuminate\\Database\\Connection->runQueryCallback()
#1 /opt/lampp/htdocs/laravel/momento/vendor/laravel/framework/src/Illuminate/Database/Connection.php(764): Illuminate\\Database\\Connection->tryAgainIfCausedByLostConnection()
#2 /opt/lampp/htdocs/laravel/momento/vendor/laravel/framework/src/Illuminate/Database/Connection.php(675): Illuminate\\Database\\Connection->handleQueryException()
#3 /opt/lampp/htdocs/laravel/momento/vendor/laravel/framework/src/Illuminate/Database/Connection.php(376): Illuminate\\Database\\Connection->run()
#4 /opt/lampp/htdocs/laravel/momento/vendor/laravel/framework/src/Illuminate/Database/Schema/MySqlBuilder.php(44): Illuminate\\Database\\Connection->select()
#5 /opt/lampp/htdocs/laravel/momento/vendor/laravel/framework/src/Illuminate/Database/Migrations/DatabaseMigrationRepository.php(169): Illuminate\\Database\\Schema\\MySqlBuilder->hasTable()
#6 /opt/lampp/htdocs/laravel/momento/vendor/laravel/framework/src/Illuminate/Database/Migrations/Migrator.php(673): Illuminate\\Database\\Migrations\\DatabaseMigrationRepository->repositoryExists()
#7 /opt/lampp/htdocs/laravel/momento/vendor/laravel/framework/src/Illuminate/Database/Console/Migrations/StatusCommand.php(53): Illuminate\\Database\\Migrations\\Migrator->repositoryExists()
#8 /opt/lampp/htdocs/laravel/momento/vendor/laravel/framework/src/Illuminate/Database/Migrations/Migrator.php(606): Illuminate\\Database\\Console\\Migrations\\StatusCommand->Illuminate\\Database\\Console\\Migrations\\{closure}()
#9 /opt/lampp/htdocs/laravel/momento/vendor/laravel/framework/src/Illuminate/Database/Console/Migrations/StatusCommand.php(68): Illuminate\\Database\\Migrations\\Migrator->usingConnection()
#10 /opt/lampp/htdocs/laravel/momento/vendor/laravel/framework/src/Illuminate/Container/BoundMethod.php(36): Illuminate\\Database\\Console\\Migrations\\StatusCommand->handle()
#11 /opt/lampp/htdocs/laravel/momento/vendor/laravel/framework/src/Illuminate/Container/Util.php(40): Illuminate\\Container\\BoundMethod::Illuminate\\Container\\{closure}()
#12 /opt/lampp/htdocs/laravel/momento/vendor/laravel/framework/src/Illuminate/Container/BoundMethod.php(93): Illuminate\\Container\\Util::unwrapIfClosure()
#13 /opt/lampp/htdocs/laravel/momento/vendor/laravel/framework/src/Illuminate/Container/BoundMethod.php(37): Illuminate\\Container\\BoundMethod::callBoundMethod()
#14 /opt/lampp/htdocs/laravel/momento/vendor/laravel/framework/src/Illuminate/Container/Container.php(653): Illuminate\\Container\\BoundMethod::call()
#15 /opt/lampp/htdocs/laravel/momento/vendor/laravel/framework/src/Illuminate/Console/Command.php(136): Illuminate\\Container\\Container->call()
#16 /opt/lampp/htdocs/laravel/momento/vendor/symfony/console/Command/Command.php(298): Illuminate\\Console\\Command->execute()
#17 /opt/lampp/htdocs/laravel/momento/vendor/laravel/framework/src/Illuminate/Console/Command.php(121): Symfony\\Component\\Console\\Command\\Command->run()
#18 /opt/lampp/htdocs/laravel/momento/vendor/symfony/console/Application.php(1015): Illuminate\\Console\\Command->run()
#19 /opt/lampp/htdocs/laravel/momento/vendor/symfony/console/Application.php(299): Symfony\\Component\\Console\\Application->doRunCommand()
#20 /opt/lampp/htdocs/laravel/momento/vendor/symfony/console/Application.php(171): Symfony\\Component\\Console\\Application->doRun()
#21 /opt/lampp/htdocs/laravel/momento/vendor/laravel/framework/src/Illuminate/Console/Application.php(94): Symfony\\Component\\Console\\Application->run()
#22 /opt/lampp/htdocs/laravel/momento/vendor/laravel/framework/src/Illuminate/Foundation/Console/Kernel.php(129): Illuminate\\Console\\Application->run()
#23 /opt/lampp/htdocs/laravel/momento/artisan(37): Illuminate\\Foundation\\Console\\Kernel->handle()
#24 {main}

[previous exception] [object] (PDOException(code: 2002): SQLSTATE[HY000] [2002] Connection refused at /opt/lampp/htdocs/laravel/momento/vendor/laravel/framework/src/Illuminate/Database/Connectors/Connector.php:70)
[stacktrace]
#0 /opt/lampp/htdocs/laravel/momento/vendor/laravel/framework/src/Illuminate/Database/Connectors/Connector.php(70): PDO->__construct()
#1 /opt/lampp/htdocs/laravel/momento/vendor/laravel/framework/src/Illuminate/Database/Connectors/Connector.php(100): Illuminate\\Database\\Connectors\\Connector->createPdoConnection()
#2 /opt/lampp/htdocs/laravel/momento/vendor/laravel/framework/src/Illuminate/Database/Connectors/Connector.php(50): Illuminate\\Database\\Connectors\\Connector->tryAgainIfCausedByLostConnection()
#3 /opt/lampp/htdocs/laravel/momento/vendor/laravel/framework/src/Illuminate/Database/Connectors/MySqlConnector.php(24): Illuminate\\Database\\Connectors\\Connector->createConnection()
#4 /opt/lampp/htdocs/laravel/momento/vendor/laravel/framework/src/Illuminate/Database/Connectors/ConnectionFactory.php(184): Illuminate\\Database\\Connectors\\MySqlConnector->connect()
#5 [internal function]: Illuminate\\Database\\Connectors\\ConnectionFactory->Illuminate\\Database\\Connectors\\{closure}()
#6 /opt/lampp/htdocs/laravel/momento/vendor/laravel/framework/src/Illuminate/Database/Connection.php(1064): call_user_func()
#7 /opt/lampp/htdocs/laravel/momento/vendor/laravel/framework/src/Illuminate/Database/Connection.php(1100): Illuminate\\Database\\Connection->getPdo()
#8 /opt/lampp/htdocs/laravel/momento/vendor/laravel/framework/src/Illuminate/Database/Connection.php(442): Illuminate\\Database\\Connection->getReadPdo()
#9 /opt/lampp/htdocs/laravel/momento/vendor/laravel/framework/src/Illuminate/Database/Connection.php(368): Illuminate\\Database\\Connection->getPdoForSelect()
#10 /opt/lampp/htdocs/laravel/momento/vendor/laravel/framework/src/Illuminate/Database/Connection.php(705): Illuminate\\Database\\Connection->Illuminate\\Database\\{closure}()
#11 /opt/lampp/htdocs/laravel/momento/vendor/laravel/framework/src/Illuminate/Database/Connection.php(784): Illuminate\\Database\\Connection->runQueryCallback()
#12 /opt/lampp/htdocs/laravel/momento/vendor/laravel/framework/src/Illuminate/Database/Connection.php(764): Illuminate\\Database\\Connection->tryAgainIfCausedByLostConnection()
#13 /opt/lampp/htdocs/laravel/momento/vendor/laravel/framework/src/Illuminate/Database/Connection.php(675): Illuminate\\Database\\Connection->handleQueryException()
#14 /opt/lampp/htdocs/laravel/momento/vendor/laravel/framework/src/Illuminate/Database/Connection.php(376): Illuminate\\Database\\Connection->run()
#15 /opt/lampp/htdocs/laravel/momento/vendor/laravel/framework/src/Illuminate/Database/Schema/MySqlBuilder.php(44): Illuminate\\Database\\Connection->select()
#16 /opt/lampp/htdocs/laravel/momento/vendor/laravel/framework/src/Illuminate/Database/Migrations/DatabaseMigrationRepository.php(169): Illuminate\\Database\\Schema\\MySqlBuilder->hasTable()
#17 /opt/lampp/htdocs/laravel/momento/vendor/laravel/framework/src/Illuminate/Database/Migrations/Migrator.php(673): Illuminate\\Database\\Migrations\\DatabaseMigrationRepository->repositoryExists()
#18 /opt/lampp/htdocs/laravel/momento/vendor/laravel/framework/src/Illuminate/Database/Console/Migrations/StatusCommand.php(53): Illuminate\\Database\\Migrations\\Migrator->repositoryExists()
#19 /opt/lampp/htdocs/laravel/momento/vendor/laravel/framework/src/Illuminate/Database/Migrations/Migrator.php(606): Illuminate\\Database\\Console\\Migrations\\StatusCommand->Illuminate\\Database\\Console\\Migrations\\{closure}()
#20 /opt/lampp/htdocs/laravel/momento/vendor/laravel/framework/src/Illuminate/Database/Console/Migrations/StatusCommand.php(68): Illuminate\\Database\\Migrations\\Migrator->usingConnection()
#21 /opt/lampp/htdocs/laravel/momento/vendor/laravel/framework/src/Illuminate/Container/BoundMethod.php(36): Illuminate\\Database\\Console\\Migrations\\StatusCommand->handle()
#22 /opt/lampp/htdocs/laravel/momento/vendor/laravel/framework/src/Illuminate/Container/Util.php(40): Illuminate\\Container\\BoundMethod::Illuminate\\Container\\{closure}()
#23 /opt/lampp/htdocs/laravel/momento/vendor/laravel/framework/src/Illuminate/Container/BoundMethod.php(93): Illuminate\\Container\\Util::unwrapIfClosure()
#24 /opt/lampp/htdocs/laravel/momento/vendor/laravel/framework/src/Illuminate/Container/BoundMethod.php(37): Illuminate\\Container\\BoundMethod::callBoundMethod()
#25 /opt/lampp/htdocs/laravel/momento/vendor/laravel/framework/src/Illuminate/Container/Container.php(653): Illuminate\\Container\\BoundMethod::call()
#26 /opt/lampp/htdocs/laravel/momento/vendor/laravel/framework/src/Illuminate/Console/Command.php(136): Illuminate\\Container\\Container->call()
#27 /opt/lampp/htdocs/laravel/momento/vendor/symfony/console/Command/Command.php(298): Illuminate\\Console\\Command->execute()
#28 /opt/lampp/htdocs/laravel/momento/vendor/laravel/framework/src/Illuminate/Console/Command.php(121): Symfony\\Component\\Console\\Command\\Command->run()
#29 /opt/lampp/htdocs/laravel/momento/vendor/symfony/console/Application.php(1015): Illuminate\\Console\\Command->run()
#30 /opt/lampp/htdocs/laravel/momento/vendor/symfony/console/Application.php(299): Symfony\\Component\\Console\\Application->doRunCommand()
#31 /opt/lampp/htdocs/laravel/momento/vendor/symfony/console/Application.php(171): Symfony\\Component\\Console\\Application->doRun()
#32 /opt/lampp/htdocs/laravel/momento/vendor/laravel/framework/src/Illuminate/Console/Application.php(94): Symfony\\Component\\Console\\Application->run()
#33 /opt/lampp/htdocs/laravel/momento/vendor/laravel/framework/src/Illuminate/Foundation/Console/Kernel.php(129): Illuminate\\Console\\Application->run()
#34 /opt/lampp/htdocs/laravel/momento/artisan(37): Illuminate\\Foundation\\Console\\Kernel->handle()
#35 {main}
"} 
[2022-10-06 03:49:50] local.ERROR: SQLSTATE[42000]: Syntax error or access violation: 1071 Specified key was too long; max key length is 767 bytes (SQL: alter table `personal_access_tokens` add index `personal_access_tokens_tokenable_type_tokenable_id_index`(`tokenable_type`, `tokenable_id`)) {"exception":"[object] (Illuminate\\Database\\QueryException(code: 42000): SQLSTATE[42000]: Syntax error or access violation: 1071 Specified key was too long; max key length is 767 bytes (SQL: alter table `personal_access_tokens` add index `personal_access_tokens_tokenable_type_tokenable_id_index`(`tokenable_type`, `tokenable_id`)) at /opt/lampp/htdocs/laravel/momento/vendor/laravel/framework/src/Illuminate/Database/Connection.php:712)
[stacktrace]
#0 /opt/lampp/htdocs/laravel/momento/vendor/laravel/framework/src/Illuminate/Database/Connection.php(672): Illuminate\\Database\\Connection->runQueryCallback()
#1 /opt/lampp/htdocs/laravel/momento/vendor/laravel/framework/src/Illuminate/Database/Connection.php(502): Illuminate\\Database\\Connection->run()
#2 /opt/lampp/htdocs/laravel/momento/vendor/laravel/framework/src/Illuminate/Database/Schema/Blueprint.php(109): Illuminate\\Database\\Connection->statement()
#3 /opt/lampp/htdocs/laravel/momento/vendor/laravel/framework/src/Illuminate/Database/Schema/Builder.php(364): Illuminate\\Database\\Schema\\Blueprint->build()
#4 /opt/lampp/htdocs/laravel/momento/vendor/laravel/framework/src/Illuminate/Database/Schema/Builder.php(227): Illuminate\\Database\\Schema\\Builder->build()
#5 /opt/lampp/htdocs/laravel/momento/vendor/laravel/framework/src/Illuminate/Support/Facades/Facade.php(261): Illuminate\\Database\\Schema\\Builder->create()
#6 /opt/lampp/htdocs/laravel/momento/vendor/laravel/sanctum/database/migrations/2019_12_14_000001_create_personal_access_tokens_table.php(24): Illuminate\\Support\\Facades\\Facade::__callStatic()
#7 /opt/lampp/htdocs/laravel/momento/vendor/laravel/framework/src/Illuminate/Database/Migrations/Migrator.php(472): CreatePersonalAccessTokensTable->up()
#8 /opt/lampp/htdocs/laravel/momento/vendor/laravel/framework/src/Illuminate/Database/Migrations/Migrator.php(394): Illuminate\\Database\\Migrations\\Migrator->runMethod()
#9 /opt/lampp/htdocs/laravel/momento/vendor/laravel/framework/src/Illuminate/Database/Migrations/Migrator.php(403): Illuminate\\Database\\Migrations\\Migrator->Illuminate\\Database\\Migrations\\{closure}()
#10 /opt/lampp/htdocs/laravel/momento/vendor/laravel/framework/src/Illuminate/Database/Migrations/Migrator.php(202): Illuminate\\Database\\Migrations\\Migrator->runMigration()
#11 /opt/lampp/htdocs/laravel/momento/vendor/laravel/framework/src/Illuminate/Database/Migrations/Migrator.php(167): Illuminate\\Database\\Migrations\\Migrator->runUp()
#12 /opt/lampp/htdocs/laravel/momento/vendor/laravel/framework/src/Illuminate/Database/Migrations/Migrator.php(112): Illuminate\\Database\\Migrations\\Migrator->runPending()
#13 /opt/lampp/htdocs/laravel/momento/vendor/laravel/framework/src/Illuminate/Database/Console/Migrations/MigrateCommand.php(86): Illuminate\\Database\\Migrations\\Migrator->run()
#14 /opt/lampp/htdocs/laravel/momento/vendor/laravel/framework/src/Illuminate/Database/Migrations/Migrator.php(606): Illuminate\\Database\\Console\\Migrations\\MigrateCommand->Illuminate\\Database\\Console\\Migrations\\{closure}()
#15 /opt/lampp/htdocs/laravel/momento/vendor/laravel/framework/src/Illuminate/Database/Console/Migrations/MigrateCommand.php(98): Illuminate\\Database\\Migrations\\Migrator->usingConnection()
#16 /opt/lampp/htdocs/laravel/momento/vendor/laravel/framework/src/Illuminate/Container/BoundMethod.php(36): Illuminate\\Database\\Console\\Migrations\\MigrateCommand->handle()
#17 /opt/lampp/htdocs/laravel/momento/vendor/laravel/framework/src/Illuminate/Container/Util.php(40): Illuminate\\Container\\BoundMethod::Illuminate\\Container\\{closure}()
#18 /opt/lampp/htdocs/laravel/momento/vendor/laravel/framework/src/Illuminate/Container/BoundMethod.php(93): Illuminate\\Container\\Util::unwrapIfClosure()
#19 /opt/lampp/htdocs/laravel/momento/vendor/laravel/framework/src/Illuminate/Container/BoundMethod.php(37): Illuminate\\Container\\BoundMethod::callBoundMethod()
#20 /opt/lampp/htdocs/laravel/momento/vendor/laravel/framework/src/Illuminate/Container/Container.php(653): Illuminate\\Container\\BoundMethod::call()
#21 /opt/lampp/htdocs/laravel/momento/vendor/laravel/framework/src/Illuminate/Console/Command.php(136): Illuminate\\Container\\Container->call()
#22 /opt/lampp/htdocs/laravel/momento/vendor/symfony/console/Command/Command.php(298): Illuminate\\Console\\Command->execute()
#23 /opt/lampp/htdocs/laravel/momento/vendor/laravel/framework/src/Illuminate/Console/Command.php(121): Symfony\\Component\\Console\\Command\\Command->run()
#24 /opt/lampp/htdocs/laravel/momento/vendor/symfony/console/Application.php(1015): Illuminate\\Console\\Command->run()
#25 /opt/lampp/htdocs/laravel/momento/vendor/symfony/console/Application.php(299): Symfony\\Component\\Console\\Application->doRunCommand()
#26 /opt/lampp/htdocs/laravel/momento/vendor/symfony/console/Application.php(171): Symfony\\Component\\Console\\Application->doRun()
#27 /opt/lampp/htdocs/laravel/momento/vendor/laravel/framework/src/Illuminate/Console/Application.php(94): Symfony\\Component\\Console\\Application->run()
#28 /opt/lampp/htdocs/laravel/momento/vendor/laravel/framework/src/Illuminate/Foundation/Console/Kernel.php(129): Illuminate\\Console\\Application->run()
#29 /opt/lampp/htdocs/laravel/momento/artisan(37): Illuminate\\Foundation\\Console\\Kernel->handle()
#30 {main}

[previous exception] [object] (PDOException(code: 42000): SQLSTATE[42000]: Syntax error or access violation: 1071 Specified key was too long; max key length is 767 bytes at /opt/lampp/htdocs/laravel/momento/vendor/laravel/framework/src/Illuminate/Database/Connection.php:501)
[stacktrace]
#0 /opt/lampp/htdocs/laravel/momento/vendor/laravel/framework/src/Illuminate/Database/Connection.php(501): PDOStatement->execute()
#1 /opt/lampp/htdocs/laravel/momento/vendor/laravel/framework/src/Illuminate/Database/Connection.php(705): Illuminate\\Database\\Connection->Illuminate\\Database\\{closure}()
#2 /opt/lampp/htdocs/laravel/momento/vendor/laravel/framework/src/Illuminate/Database/Connection.php(672): Illuminate\\Database\\Connection->runQueryCallback()
#3 /opt/lampp/htdocs/laravel/momento/vendor/laravel/framework/src/Illuminate/Database/Connection.php(502): Illuminate\\Database\\Connection->run()
#4 /opt/lampp/htdocs/laravel/momento/vendor/laravel/framework/src/Illuminate/Database/Schema/Blueprint.php(109): Illuminate\\Database\\Connection->statement()
#5 /opt/lampp/htdocs/laravel/momento/vendor/laravel/framework/src/Illuminate/Database/Schema/Builder.php(364): Illuminate\\Database\\Schema\\Blueprint->build()
#6 /opt/lampp/htdocs/laravel/momento/vendor/laravel/framework/src/Illuminate/Database/Schema/Builder.php(227): Illuminate\\Database\\Schema\\Builder->build()
#7 /opt/lampp/htdocs/laravel/momento/vendor/laravel/framework/src/Illuminate/Support/Facades/Facade.php(261): Illuminate\\Database\\Schema\\Builder->create()
#8 /opt/lampp/htdocs/laravel/momento/vendor/laravel/sanctum/database/migrations/2019_12_14_000001_create_personal_access_tokens_table.php(24): Illuminate\\Support\\Facades\\Facade::__callStatic()
#9 /opt/lampp/htdocs/laravel/momento/vendor/laravel/framework/src/Illuminate/Database/Migrations/Migrator.php(472): CreatePersonalAccessTokensTable->up()
#10 /opt/lampp/htdocs/laravel/momento/vendor/laravel/framework/src/Illuminate/Database/Migrations/Migrator.php(394): Illuminate\\Database\\Migrations\\Migrator->runMethod()
#11 /opt/lampp/htdocs/laravel/momento/vendor/laravel/framework/src/Illuminate/Database/Migrations/Migrator.php(403): Illuminate\\Database\\Migrations\\Migrator->Illuminate\\Database\\Migrations\\{closure}()
#12 /opt/lampp/htdocs/laravel/momento/vendor/laravel/framework/src/Illuminate/Database/Migrations/Migrator.php(202): Illuminate\\Database\\Migrations\\Migrator->runMigration()
#13 /opt/lampp/htdocs/laravel/momento/vendor/laravel/framework/src/Illuminate/Database/Migrations/Migrator.php(167): Illuminate\\Database\\Migrations\\Migrator->runUp()
#14 /opt/lampp/htdocs/laravel/momento/vendor/laravel/framework/src/Illuminate/Database/Migrations/Migrator.php(112): Illuminate\\Database\\Migrations\\Migrator->runPending()
#15 /opt/lampp/htdocs/laravel/momento/vendor/laravel/framework/src/Illuminate/Database/Console/Migrations/MigrateCommand.php(86): Illuminate\\Database\\Migrations\\Migrator->run()
#16 /opt/lampp/htdocs/laravel/momento/vendor/laravel/framework/src/Illuminate/Database/Migrations/Migrator.php(606): Illuminate\\Database\\Console\\Migrations\\MigrateCommand->Illuminate\\Database\\Console\\Migrations\\{closure}()
#17 /opt/lampp/htdocs/laravel/momento/vendor/laravel/framework/src/Illuminate/Database/Console/Migrations/MigrateCommand.php(98): Illuminate\\Database\\Migrations\\Migrator->usingConnection()
#18 /opt/lampp/htdocs/laravel/momento/vendor/laravel/framework/src/Illuminate/Container/BoundMethod.php(36): Illuminate\\Database\\Console\\Migrations\\MigrateCommand->handle()
#19 /opt/lampp/htdocs/laravel/momento/vendor/laravel/framework/src/Illuminate/Container/Util.php(40): Illuminate\\Container\\BoundMethod::Illuminate\\Container\\{closure}()
#20 /opt/lampp/htdocs/laravel/momento/vendor/laravel/framework/src/Illuminate/Container/BoundMethod.php(93): Illuminate\\Container\\Util::unwrapIfClosure()
#21 /opt/lampp/htdocs/laravel/momento/vendor/laravel/framework/src/Illuminate/Container/BoundMethod.php(37): Illuminate\\Container\\BoundMethod::callBoundMethod()
#22 /opt/lampp/htdocs/laravel/momento/vendor/laravel/framework/src/Illuminate/Container/Container.php(653): Illuminate\\Container\\BoundMethod::call()
#23 /opt/lampp/htdocs/laravel/momento/vendor/laravel/framework/src/Illuminate/Console/Command.php(136): Illuminate\\Container\\Container->call()
#24 /opt/lampp/htdocs/laravel/momento/vendor/symfony/console/Command/Command.php(298): Illuminate\\Console\\Command->execute()
#25 /opt/lampp/htdocs/laravel/momento/vendor/laravel/framework/src/Illuminate/Console/Command.php(121): Symfony\\Component\\Console\\Command\\Command->run()
#26 /opt/lampp/htdocs/laravel/momento/vendor/symfony/console/Application.php(1015): Illuminate\\Console\\Command->run()
#27 /opt/lampp/htdocs/laravel/momento/vendor/symfony/console/Application.php(299): Symfony\\Component\\Console\\Application->doRunCommand()
#28 /opt/lampp/htdocs/laravel/momento/vendor/symfony/console/Application.php(171): Symfony\\Component\\Console\\Application->doRun()
#29 /opt/lampp/htdocs/laravel/momento/vendor/laravel/framework/src/Illuminate/Console/Application.php(94): Symfony\\Component\\Console\\Application->run()
#30 /opt/lampp/htdocs/laravel/momento/vendor/laravel/framework/src/Illuminate/Foundation/Console/Kernel.php(129): Illuminate\\Console\\Application->run()
#31 /opt/lampp/htdocs/laravel/momento/artisan(37): Illuminate\\Foundation\\Console\\Kernel->handle()
#32 {main}
"} 
[2022-10-06 03:51:44] local.ERROR: SQLSTATE[42S01]: Base table or view already exists: 1050 Table 'personal_access_tokens' already exists (SQL: create table `personal_access_tokens` (`id` bigint unsigned not null auto_increment primary key, `tokenable_type` varchar(255) not null, `tokenable_id` bigint unsigned not null, `name` varchar(255) not null, `token` varchar(64) not null, `abilities` text null, `last_used_at` timestamp null, `created_at` timestamp null, `updated_at` timestamp null) default character set utf8mb4 collate 'utf8mb4_unicode_ci') {"exception":"[object] (Illuminate\\Database\\QueryException(code: 42S01): SQLSTATE[42S01]: Base table or view already exists: 1050 Table 'personal_access_tokens' already exists (SQL: create table `personal_access_tokens` (`id` bigint unsigned not null auto_increment primary key, `tokenable_type` varchar(255) not null, `tokenable_id` bigint unsigned not null, `name` varchar(255) not null, `token` varchar(64) not null, `abilities` text null, `last_used_at` timestamp null, `created_at` timestamp null, `updated_at` timestamp null) default character set utf8mb4 collate 'utf8mb4_unicode_ci') at /opt/lampp/htdocs/laravel/momento/vendor/laravel/framework/src/Illuminate/Database/Connection.php:712)
[stacktrace]
#0 /opt/lampp/htdocs/laravel/momento/vendor/laravel/framework/src/Illuminate/Database/Connection.php(672): Illuminate\\Database\\Connection->runQueryCallback()
#1 /opt/lampp/htdocs/laravel/momento/vendor/laravel/framework/src/Illuminate/Database/Connection.php(502): Illuminate\\Database\\Connection->run()
#2 /opt/lampp/htdocs/laravel/momento/vendor/laravel/framework/src/Illuminate/Database/Schema/Blueprint.php(109): Illuminate\\Database\\Connection->statement()
#3 /opt/lampp/htdocs/laravel/momento/vendor/laravel/framework/src/Illuminate/Database/Schema/Builder.php(364): Illuminate\\Database\\Schema\\Blueprint->build()
#4 /opt/lampp/htdocs/laravel/momento/vendor/laravel/framework/src/Illuminate/Database/Schema/Builder.php(227): Illuminate\\Database\\Schema\\Builder->build()
#5 /opt/lampp/htdocs/laravel/momento/vendor/laravel/framework/src/Illuminate/Support/Facades/Facade.php(261): Illuminate\\Database\\Schema\\Builder->create()
#6 /opt/lampp/htdocs/laravel/momento/vendor/laravel/sanctum/database/migrations/2019_12_14_000001_create_personal_access_tokens_table.php(24): Illuminate\\Support\\Facades\\Facade::__callStatic()
#7 /opt/lampp/htdocs/laravel/momento/vendor/laravel/framework/src/Illuminate/Database/Migrations/Migrator.php(472): CreatePersonalAccessTokensTable->up()
#8 /opt/lampp/htdocs/laravel/momento/vendor/laravel/framework/src/Illuminate/Database/Migrations/Migrator.php(394): Illuminate\\Database\\Migrations\\Migrator->runMethod()
#9 /opt/lampp/htdocs/laravel/momento/vendor/laravel/framework/src/Illuminate/Database/Migrations/Migrator.php(403): Illuminate\\Database\\Migrations\\Migrator->Illuminate\\Database\\Migrations\\{closure}()
#10 /opt/lampp/htdocs/laravel/momento/vendor/laravel/framework/src/Illuminate/Database/Migrations/Migrator.php(202): Illuminate\\Database\\Migrations\\Migrator->runMigration()
#11 /opt/lampp/htdocs/laravel/momento/vendor/laravel/framework/src/Illuminate/Database/Migrations/Migrator.php(167): Illuminate\\Database\\Migrations\\Migrator->runUp()
#12 /opt/lampp/htdocs/laravel/momento/vendor/laravel/framework/src/Illuminate/Database/Migrations/Migrator.php(112): Illuminate\\Database\\Migrations\\Migrator->runPending()
#13 /opt/lampp/htdocs/laravel/momento/vendor/laravel/framework/src/Illuminate/Database/Console/Migrations/MigrateCommand.php(86): Illuminate\\Database\\Migrations\\Migrator->run()
#14 /opt/lampp/htdocs/laravel/momento/vendor/laravel/framework/src/Illuminate/Database/Migrations/Migrator.php(606): Illuminate\\Database\\Console\\Migrations\\MigrateCommand->Illuminate\\Database\\Console\\Migrations\\{closure}()
#15 /opt/lampp/htdocs/laravel/momento/vendor/laravel/framework/src/Illuminate/Database/Console/Migrations/MigrateCommand.php(98): Illuminate\\Database\\Migrations\\Migrator->usingConnection()
#16 /opt/lampp/htdocs/laravel/momento/vendor/laravel/framework/src/Illuminate/Container/BoundMethod.php(36): Illuminate\\Database\\Console\\Migrations\\MigrateCommand->handle()
#17 /opt/lampp/htdocs/laravel/momento/vendor/laravel/framework/src/Illuminate/Container/Util.php(40): Illuminate\\Container\\BoundMethod::Illuminate\\Container\\{closure}()
#18 /opt/lampp/htdocs/laravel/momento/vendor/laravel/framework/src/Illuminate/Container/BoundMethod.php(93): Illuminate\\Container\\Util::unwrapIfClosure()
#19 /opt/lampp/htdocs/laravel/momento/vendor/laravel/framework/src/Illuminate/Container/BoundMethod.php(37): Illuminate\\Container\\BoundMethod::callBoundMethod()
#20 /opt/lampp/htdocs/laravel/momento/vendor/laravel/framework/src/Illuminate/Container/Container.php(653): Illuminate\\Container\\BoundMethod::call()
#21 /opt/lampp/htdocs/laravel/momento/vendor/laravel/framework/src/Illuminate/Console/Command.php(136): Illuminate\\Container\\Container->call()
#22 /opt/lampp/htdocs/laravel/momento/vendor/symfony/console/Command/Command.php(298): Illuminate\\Console\\Command->execute()
#23 /opt/lampp/htdocs/laravel/momento/vendor/laravel/framework/src/Illuminate/Console/Command.php(121): Symfony\\Component\\Console\\Command\\Command->run()
#24 /opt/lampp/htdocs/laravel/momento/vendor/symfony/console/Application.php(1015): Illuminate\\Console\\Command->run()
#25 /opt/lampp/htdocs/laravel/momento/vendor/symfony/console/Application.php(299): Symfony\\Component\\Console\\Application->doRunCommand()
#26 /opt/lampp/htdocs/laravel/momento/vendor/symfony/console/Application.php(171): Symfony\\Component\\Console\\Application->doRun()
#27 /opt/lampp/htdocs/laravel/momento/vendor/laravel/framework/src/Illuminate/Console/Application.php(94): Symfony\\Component\\Console\\Application->run()
#28 /opt/lampp/htdocs/laravel/momento/vendor/laravel/framework/src/Illuminate/Foundation/Console/Kernel.php(129): Illuminate\\Console\\Application->run()
#29 /opt/lampp/htdocs/laravel/momento/artisan(37): Illuminate\\Foundation\\Console\\Kernel->handle()
#30 {main}

[previous exception] [object] (PDOException(code: 42S01): SQLSTATE[42S01]: Base table or view already exists: 1050 Table 'personal_access_tokens' already exists at /opt/lampp/htdocs/laravel/momento/vendor/laravel/framework/src/Illuminate/Database/Connection.php:501)
[stacktrace]
#0 /opt/lampp/htdocs/laravel/momento/vendor/laravel/framework/src/Illuminate/Database/Connection.php(501): PDOStatement->execute()
#1 /opt/lampp/htdocs/laravel/momento/vendor/laravel/framework/src/Illuminate/Database/Connection.php(705): Illuminate\\Database\\Connection->Illuminate\\Database\\{closure}()
#2 /opt/lampp/htdocs/laravel/momento/vendor/laravel/framework/src/Illuminate/Database/Connection.php(672): Illuminate\\Database\\Connection->runQueryCallback()
#3 /opt/lampp/htdocs/laravel/momento/vendor/laravel/framework/src/Illuminate/Database/Connection.php(502): Illuminate\\Database\\Connection->run()
#4 /opt/lampp/htdocs/laravel/momento/vendor/laravel/framework/src/Illuminate/Database/Schema/Blueprint.php(109): Illuminate\\Database\\Connection->statement()
#5 /opt/lampp/htdocs/laravel/momento/vendor/laravel/framework/src/Illuminate/Database/Schema/Builder.php(364): Illuminate\\Database\\Schema\\Blueprint->build()
#6 /opt/lampp/htdocs/laravel/momento/vendor/laravel/framework/src/Illuminate/Database/Schema/Builder.php(227): Illuminate\\Database\\Schema\\Builder->build()
#7 /opt/lampp/htdocs/laravel/momento/vendor/laravel/framework/src/Illuminate/Support/Facades/Facade.php(261): Illuminate\\Database\\Schema\\Builder->create()
#8 /opt/lampp/htdocs/laravel/momento/vendor/laravel/sanctum/database/migrations/2019_12_14_000001_create_personal_access_tokens_table.php(24): Illuminate\\Support\\Facades\\Facade::__callStatic()
#9 /opt/lampp/htdocs/laravel/momento/vendor/laravel/framework/src/Illuminate/Database/Migrations/Migrator.php(472): CreatePersonalAccessTokensTable->up()
#10 /opt/lampp/htdocs/laravel/momento/vendor/laravel/framework/src/Illuminate/Database/Migrations/Migrator.php(394): Illuminate\\Database\\Migrations\\Migrator->runMethod()
#11 /opt/lampp/htdocs/laravel/momento/vendor/laravel/framework/src/Illuminate/Database/Migrations/Migrator.php(403): Illuminate\\Database\\Migrations\\Migrator->Illuminate\\Database\\Migrations\\{closure}()
#12 /opt/lampp/htdocs/laravel/momento/vendor/laravel/framework/src/Illuminate/Database/Migrations/Migrator.php(202): Illuminate\\Database\\Migrations\\Migrator->runMigration()
#13 /opt/lampp/htdocs/laravel/momento/vendor/laravel/framework/src/Illuminate/Database/Migrations/Migrator.php(167): Illuminate\\Database\\Migrations\\Migrator->runUp()
#14 /opt/lampp/htdocs/laravel/momento/vendor/laravel/framework/src/Illuminate/Database/Migrations/Migrator.php(112): Illuminate\\Database\\Migrations\\Migrator->runPending()
#15 /opt/lampp/htdocs/laravel/momento/vendor/laravel/framework/src/Illuminate/Database/Console/Migrations/MigrateCommand.php(86): Illuminate\\Database\\Migrations\\Migrator->run()
#16 /opt/lampp/htdocs/laravel/momento/vendor/laravel/framework/src/Illuminate/Database/Migrations/Migrator.php(606): Illuminate\\Database\\Console\\Migrations\\MigrateCommand->Illuminate\\Database\\Console\\Migrations\\{closure}()
#17 /opt/lampp/htdocs/laravel/momento/vendor/laravel/framework/src/Illuminate/Database/Console/Migrations/MigrateCommand.php(98): Illuminate\\Database\\Migrations\\Migrator->usingConnection()
#18 /opt/lampp/htdocs/laravel/momento/vendor/laravel/framework/src/Illuminate/Container/BoundMethod.php(36): Illuminate\\Database\\Console\\Migrations\\MigrateCommand->handle()
#19 /opt/lampp/htdocs/laravel/momento/vendor/laravel/framework/src/Illuminate/Container/Util.php(40): Illuminate\\Container\\BoundMethod::Illuminate\\Container\\{closure}()
#20 /opt/lampp/htdocs/laravel/momento/vendor/laravel/framework/src/Illuminate/Container/BoundMethod.php(93): Illuminate\\Container\\Util::unwrapIfClosure()
#21 /opt/lampp/htdocs/laravel/momento/vendor/laravel/framework/src/Illuminate/Container/BoundMethod.php(37): Illuminate\\Container\\BoundMethod::callBoundMethod()
#22 /opt/lampp/htdocs/laravel/momento/vendor/laravel/framework/src/Illuminate/Container/Container.php(653): Illuminate\\Container\\BoundMethod::call()
#23 /opt/lampp/htdocs/laravel/momento/vendor/laravel/framework/src/Illuminate/Console/Command.php(136): Illuminate\\Container\\Container->call()
#24 /opt/lampp/htdocs/laravel/momento/vendor/symfony/console/Command/Command.php(298): Illuminate\\Console\\Command->execute()
#25 /opt/lampp/htdocs/laravel/momento/vendor/laravel/framework/src/Illuminate/Console/Command.php(121): Symfony\\Component\\Console\\Command\\Command->run()
#26 /opt/lampp/htdocs/laravel/momento/vendor/symfony/console/Application.php(1015): Illuminate\\Console\\Command->run()
#27 /opt/lampp/htdocs/laravel/momento/vendor/symfony/console/Application.php(299): Symfony\\Component\\Console\\Application->doRunCommand()
#28 /opt/lampp/htdocs/laravel/momento/vendor/symfony/console/Application.php(171): Symfony\\Component\\Console\\Application->doRun()
#29 /opt/lampp/htdocs/laravel/momento/vendor/laravel/framework/src/Illuminate/Console/Application.php(94): Symfony\\Component\\Console\\Application->run()
#30 /opt/lampp/htdocs/laravel/momento/vendor/laravel/framework/src/Illuminate/Foundation/Console/Kernel.php(129): Illuminate\\Console\\Application->run()
#31 /opt/lampp/htdocs/laravel/momento/artisan(37): Illuminate\\Foundation\\Console\\Kernel->handle()
#32 {main}
"} 
